<?xml version="1.0" encoding="UTF-8"?>
<testsuite name="ru.stqa.pft.adressbook.tests.GroupDeletionTests" tests="1" skipped="0" failures="0" errors="0" timestamp="2018-06-20T18:29:51" hostname="DESKTOP-UT1S4OG" time="3.307">
  <properties/>
  <testcase name="tesrGroupDeletion" classname="ru.stqa.pft.adressbook.tests.GroupDeletionTests" time="3.307"/>
  <system-out><![CDATA[21:29:51.020 [Test worker] INFO  r.stqa.pft.adressbook.tests.TestBase - Start test tesrGroupDeletion with parametrs []
]]></system-out>
  <system-err><![CDATA[]]></system-err>
</testsuite>
