<?xml version="1.0" encoding="UTF-8"?>
<testsuite name="ru.stqa.pft.adressbook.tests.ContactModificationTest" tests="1" skipped="0" failures="0" errors="0" timestamp="2018-06-20T18:30:23" hostname="DESKTOP-UT1S4OG" time="7.872">
  <properties/>
  <testcase name="testContactModification" classname="ru.stqa.pft.adressbook.tests.ContactModificationTest" time="7.872"/>
  <system-out><![CDATA[21:30:23.948 [Test worker] INFO  r.stqa.pft.adressbook.tests.TestBase - Start test testContactModification with parametrs []
]]></system-out>
  <system-err><![CDATA[]]></system-err>
</testsuite>
