<?xml version="1.0" encoding="UTF-8"?>
<testsuite name="ru.stqa.pft.adressbook.tests.ContactDeletionTests" tests="1" skipped="0" failures="0" errors="0" timestamp="2018-06-20T08:27:44" hostname="DESKTOP-C1KL42Q" time="1.899">
  <properties/>
  <testcase name="testsContactDeletion" classname="ru.stqa.pft.adressbook.tests.ContactDeletionTests" time="1.899"/>
  <system-out><![CDATA[11:27:44.463 [Test worker] INFO  r.stqa.pft.adressbook.tests.TestBase - Start test testsContactDeletion with parametrs []
]]></system-out>
  <system-err><![CDATA[]]></system-err>
</testsuite>
