<?xml version="1.0" encoding="UTF-8"?>
<testsuite name="ru.stqa.pft.adressbook.tests.ContactDeletionTests" tests="1" skipped="0" failures="0" errors="0" timestamp="2018-06-20T18:30:31" hostname="DESKTOP-UT1S4OG" time="6.304">
  <properties/>
  <testcase name="testsContactDeletion" classname="ru.stqa.pft.adressbook.tests.ContactDeletionTests" time="6.304"/>
  <system-out><![CDATA[21:30:31.838 [Test worker] INFO  r.stqa.pft.adressbook.tests.TestBase - Start test testsContactDeletion with parametrs []
]]></system-out>
  <system-err><![CDATA[]]></system-err>
</testsuite>
